<?xml version="1.0" encoding="UTF-8"?>
<robot generator="Robot 7.4.2 (Python 3.14.4 on win32)" generated="2026-07-13T19:47:53.276321" rpa="false" schemaversion="5">
<suite id="s1" name="Regresive" source="C:\Users\allan\Downloads\RobotFrameworkAutomationTests\tests\regresive.robot">
<test id="s1-t1" name="TC-001 Validar pagina publica desde Excel" line="7">
<kw name="Preparar caso de prueba" owner="keywords" type="SETUP">
<kw name="Cargar variables de excel" owner="excel">
<var>${codigo_cargado}</var>
<arg>${codigo_caso}</arg>
<arg>${fila}</arg>
<arg>${archivo}</arg>
<status status="NOT RUN" start="2026-07-13T19:47:56.078789" elapsed="0.000169"/>
</kw>
<kw name="Iniciar caso de prueba" owner="reportes">
<status status="NOT RUN" start="2026-07-13T19:47:56.079188" elapsed="0.000088"/>
</kw>
<kw name="Registrar evidencia" owner="reportes">
<arg>Datos cargados desde Excel para ${codigo_cargado}, fila ${fila}</arg>
<arg>False</arg>
<status status="NOT RUN" start="2026-07-13T19:47:56.079538" elapsed="0.000169"/>
</kw>
<arg>TC-001</arg>
<arg>1</arg>
<arg>variables/variables.xlsx</arg>
<doc>Carga variables desde Excel segun el tag TC-XXX e inicia la evidencia del caso.</doc>
<status status="PASS" start="2026-07-13T19:47:56.077699" elapsed="0.002102"/>
</kw>
<kw name="Abrir navegador" owner="keywords">
<kw name="Open Browser" owner="SeleniumLibrary">
<arg>${url}</arg>
<arg>${browser}</arg>
<doc>Opens a new browser instance to the optional ``url``.</doc>
<status status="NOT RUN" start="2026-07-13T19:47:56.080422" elapsed="0.000097"/>
</kw>
<kw name="Maximize Browser Window" owner="SeleniumLibrary">
<doc>Maximizes current browser window.</doc>
<status status="NOT RUN" start="2026-07-13T19:47:56.080674" elapsed="0.000072"/>
</kw>
<kw name="Registrar evidencia" owner="reportes">
<arg>Navegador abierto en ${url}</arg>
<status status="NOT RUN" start="2026-07-13T19:47:56.080853" elapsed="0.000085"/>
</kw>
<arg>${url}</arg>
<arg>${browser}</arg>
<doc>Abre el navegador en la URL indicada, maximiza la ventana y registra evidencia.</doc>
<status status="PASS" start="2026-07-13T19:47:56.080088" elapsed="0.000941"/>
</kw>
<kw name="Validar titulo de pagina" owner="keywords">
<kw name="Title Should Be" owner="SeleniumLibrary">
<arg>${title}</arg>
<doc>Verifies that the current page title equals ``title``.</doc>
<status status="NOT RUN" start="2026-07-13T19:47:56.081449" elapsed="0.000100"/>
</kw>
<kw name="Registrar evidencia" owner="reportes">
<arg>Titulo validado: ${title}</arg>
<status status="NOT RUN" start="2026-07-13T19:47:56.081699" elapsed="0.000071"/>
</kw>
<arg>${title}</arg>
<doc>Valida que el titulo de la pagina sea exactamente el esperado.</doc>
<status status="PASS" start="2026-07-13T19:47:56.081214" elapsed="0.000615"/>
</kw>
<kw name="Validar texto visible" owner="keywords">
<kw name="Page Should Contain" owner="SeleniumLibrary">
<arg>${expected_text}</arg>
<doc>Verifies that current page contains ``text``.</doc>
<status status="NOT RUN" start="2026-07-13T19:47:56.082210" elapsed="0.000060"/>
</kw>
<kw name="Registrar evidencia" owner="reportes">
<arg>Texto visible validado: ${expected_text}</arg>
<status status="NOT RUN" start="2026-07-13T19:47:56.082369" elapsed="0.000056"/>
</kw>
<arg>${expected_text}</arg>
<doc>Valida que el texto esperado exista en la pagina.</doc>
<status status="PASS" start="2026-07-13T19:47:56.082004" elapsed="0.000467"/>
</kw>
<kw name="Finalizar caso de prueba" owner="reportes" type="TEARDOWN">
<status status="NOT RUN" start="2026-07-13T19:47:56.082650" elapsed="0.000054"/>
</kw>
<tag>TC-001</tag>
<status status="PASS" start="2026-07-13T19:47:56.071637" elapsed="0.011115"/>
</test>
<status status="PASS" start="2026-07-13T19:47:53.282769" elapsed="2.800597"/>
</suite>
<statistics>
<total>
<stat pass="1" fail="0" skip="0">All Tests</stat>
</total>
<tag>
<stat pass="1" fail="0" skip="0">TC-001</stat>
</tag>
<suite>
<stat name="Regresive" id="s1" pass="1" fail="0" skip="0">Regresive</stat>
</suite>
</statistics>
<errors>
</errors>
</robot>
